<?xml version="1.0" encoding="UTF-8"?>
<coverage generated="1614759445746" clover="3.2.0">
  <project timestamp="1614759445746" name="All files">
    <metrics statements="84" coveredstatements="84" conditionals="88" coveredconditionals="79" methods="5" coveredmethods="5" elements="177" coveredelements="168" complexity="0" loc="84" ncloc="84" packages="1" files="1" classes="1"/>
    <file name="details.js" path="/Users/nathanquiocson/Documents/Github/bitsy/database/methods/details.js">
      <metrics statements="84" coveredstatements="84" conditionals="88" coveredconditionals="79" methods="5" coveredmethods="5"/>
      <line num="1" count="1" type="stmt"/>
      <line num="5" count="7" type="cond" truecount="2" falsecount="0"/>
      <line num="6" count="2" type="cond" truecount="2" falsecount="0"/>
      <line num="7" count="1" type="stmt"/>
      <line num="9" count="1" type="stmt"/>
      <line num="12" count="5" type="stmt"/>
      <line num="13" count="5" type="cond" truecount="13" falsecount="0"/>
      <line num="14" count="3" type="stmt"/>
      <line num="16" count="2" type="cond" truecount="9" falsecount="0"/>
      <line num="17" count="1" type="stmt"/>
      <line num="19" count="1" type="stmt"/>
      <line num="21" count="4" type="stmt"/>
      <line num="27" count="3" type="stmt"/>
      <line num="28" count="3" type="cond" truecount="2" falsecount="0"/>
      <line num="29" count="2" type="cond" truecount="2" falsecount="0"/>
      <line num="30" count="1" type="stmt"/>
      <line num="33" count="1" type="stmt"/>
      <line num="35" count="1" type="stmt"/>
      <line num="37" count="2" type="stmt"/>
      <line num="42" count="7" type="stmt"/>
      <line num="43" count="7" type="cond" truecount="4" falsecount="0"/>
      <line num="44" count="5" type="cond" truecount="4" falsecount="0"/>
      <line num="45" count="2" type="stmt"/>
      <line num="47" count="3" type="stmt"/>
      <line num="49" count="3" type="cond" truecount="2" falsecount="0"/>
      <line num="50" count="2" type="stmt"/>
      <line num="52" count="3" type="cond" truecount="2" falsecount="0"/>
      <line num="53" count="2" type="cond" truecount="1" falsecount="1"/>
      <line num="54" count="2" type="stmt"/>
      <line num="56" count="2" type="stmt"/>
      <line num="58" count="3" type="cond" truecount="2" falsecount="0"/>
      <line num="59" count="2" type="cond" truecount="1" falsecount="1"/>
      <line num="60" count="2" type="stmt"/>
      <line num="62" count="2" type="stmt"/>
      <line num="64" count="3" type="cond" truecount="2" falsecount="0"/>
      <line num="65" count="2" type="cond" truecount="1" falsecount="1"/>
      <line num="66" count="2" type="stmt"/>
      <line num="68" count="2" type="stmt"/>
      <line num="70" count="3" type="cond" truecount="2" falsecount="0"/>
      <line num="71" count="2" type="cond" truecount="2" falsecount="0"/>
      <line num="72" count="1" type="stmt"/>
      <line num="74" count="2" type="stmt"/>
      <line num="76" count="3" type="cond" truecount="2" falsecount="0"/>
      <line num="77" count="2" type="cond" truecount="1" falsecount="1"/>
      <line num="78" count="2" type="stmt"/>
      <line num="80" count="2" type="stmt"/>
      <line num="82" count="3" type="cond" truecount="2" falsecount="0"/>
      <line num="83" count="2" type="cond" truecount="1" falsecount="1"/>
      <line num="84" count="2" type="stmt"/>
      <line num="86" count="2" type="stmt"/>
      <line num="88" count="3" type="cond" truecount="2" falsecount="0"/>
      <line num="89" count="1" type="cond" truecount="1" falsecount="1"/>
      <line num="90" count="1" type="stmt"/>
      <line num="92" count="1" type="stmt"/>
      <line num="94" count="3" type="cond" truecount="2" falsecount="0"/>
      <line num="95" count="2" type="cond" truecount="1" falsecount="1"/>
      <line num="96" count="2" type="stmt"/>
      <line num="98" count="2" type="stmt"/>
      <line num="100" count="3" type="cond" truecount="2" falsecount="0"/>
      <line num="101" count="2" type="cond" truecount="1" falsecount="1"/>
      <line num="102" count="2" type="stmt"/>
      <line num="104" count="2" type="stmt"/>
      <line num="106" count="3" type="cond" truecount="2" falsecount="0"/>
      <line num="107" count="2" type="cond" truecount="1" falsecount="1"/>
      <line num="108" count="2" type="stmt"/>
      <line num="110" count="2" type="stmt"/>
      <line num="113" count="3" type="stmt"/>
      <line num="115" count="2" type="stmt"/>
      <line num="118" count="4" type="stmt"/>
      <line num="123" count="3" type="stmt"/>
      <line num="124" count="3" type="cond" truecount="2" falsecount="0"/>
      <line num="125" count="2" type="cond" truecount="2" falsecount="0"/>
      <line num="126" count="1" type="stmt"/>
      <line num="128" count="1" type="stmt"/>
      <line num="130" count="1" type="stmt"/>
      <line num="133" count="2" type="stmt"/>
      <line num="138" count="3" type="stmt"/>
      <line num="139" count="3" type="cond" truecount="2" falsecount="0"/>
      <line num="140" count="2" type="cond" truecount="2" falsecount="0"/>
      <line num="141" count="1" type="stmt"/>
      <line num="143" count="1" type="stmt"/>
      <line num="145" count="1" type="stmt"/>
      <line num="148" count="2" type="stmt"/>
      <line num="168" count="1" type="stmt"/>
    </file>
  </project>
</coverage>
