{"/Users/nathanquiocson/Documents/Github/bitsy/database/methods/details.js": {"path":"/Users/nathanquiocson/Documents/Github/bitsy/database/methods/details.js","statementMap":{"0":{"start":{"line":1,"column":15},"end":{"line":1,"column":34}},"1":{"start":{"line":5,"column":4},"end":{"line":23,"column":5}},"2":{"start":{"line":6,"column":6},"end":{"line":10,"column":7}},"3":{"start":{"line":7,"column":8},"end":{"line":7,"column":49}},"4":{"start":{"line":9,"column":8},"end":{"line":9,"column":44}},"5":{"start":{"line":12,"column":6},"end":{"line":22,"column":7}},"6":{"start":{"line":13,"column":8},"end":{"line":15,"column":9}},"7":{"start":{"line":14,"column":10},"end":{"line":14,"column":55}},"8":{"start":{"line":16,"column":8},"end":{"line":18,"column":9}},"9":{"start":{"line":17,"column":10},"end":{"line":17,"column":72}},"10":{"start":{"line":19,"column":8},"end":{"line":19,"column":331}},"11":{"start":{"line":21,"column":8},"end":{"line":21,"column":29}},"12":{"start":{"line":27,"column":4},"end":{"line":38,"column":5}},"13":{"start":{"line":28,"column":6},"end":{"line":34,"column":7}},"14":{"start":{"line":29,"column":8},"end":{"line":31,"column":9}},"15":{"start":{"line":30,"column":10},"end":{"line":30,"column":51}},"16":{"start":{"line":33,"column":8},"end":{"line":33,"column":44}},"17":{"start":{"line":35,"column":6},"end":{"line":35,"column":124}},"18":{"start":{"line":37,"column":6},"end":{"line":37,"column":27}},"19":{"start":{"line":42,"column":4},"end":{"line":119,"column":5}},"20":{"start":{"line":43,"column":6},"end":{"line":116,"column":7}},"21":{"start":{"line":44,"column":8},"end":{"line":46,"column":9}},"22":{"start":{"line":45,"column":10},"end":{"line":45,"column":51}},"23":{"start":{"line":47,"column":25},"end":{"line":47,"column":27}},"24":{"start":{"line":49,"column":8},"end":{"line":51,"column":9}},"25":{"start":{"line":50,"column":10},"end":{"line":50,"column":54}},"26":{"start":{"line":52,"column":8},"end":{"line":57,"column":9}},"27":{"start":{"line":53,"column":10},"end":{"line":55,"column":11}},"28":{"start":{"line":54,"column":12},"end":{"line":54,"column":30}},"29":{"start":{"line":56,"column":10},"end":{"line":56,"column":54}},"30":{"start":{"line":58,"column":8},"end":{"line":63,"column":9}},"31":{"start":{"line":59,"column":10},"end":{"line":61,"column":11}},"32":{"start":{"line":60,"column":12},"end":{"line":60,"column":30}},"33":{"start":{"line":62,"column":10},"end":{"line":62,"column":54}},"34":{"start":{"line":64,"column":8},"end":{"line":69,"column":9}},"35":{"start":{"line":65,"column":10},"end":{"line":67,"column":11}},"36":{"start":{"line":66,"column":12},"end":{"line":66,"column":30}},"37":{"start":{"line":68,"column":10},"end":{"line":68,"column":54}},"38":{"start":{"line":70,"column":8},"end":{"line":75,"column":9}},"39":{"start":{"line":71,"column":10},"end":{"line":73,"column":11}},"40":{"start":{"line":72,"column":12},"end":{"line":72,"column":30}},"41":{"start":{"line":74,"column":10},"end":{"line":74,"column":50}},"42":{"start":{"line":76,"column":8},"end":{"line":81,"column":9}},"43":{"start":{"line":77,"column":10},"end":{"line":79,"column":11}},"44":{"start":{"line":78,"column":12},"end":{"line":78,"column":30}},"45":{"start":{"line":80,"column":10},"end":{"line":80,"column":50}},"46":{"start":{"line":82,"column":8},"end":{"line":87,"column":9}},"47":{"start":{"line":83,"column":10},"end":{"line":85,"column":11}},"48":{"start":{"line":84,"column":12},"end":{"line":84,"column":30}},"49":{"start":{"line":86,"column":10},"end":{"line":86,"column":50}},"50":{"start":{"line":88,"column":8},"end":{"line":93,"column":9}},"51":{"start":{"line":89,"column":10},"end":{"line":91,"column":11}},"52":{"start":{"line":90,"column":12},"end":{"line":90,"column":30}},"53":{"start":{"line":92,"column":10},"end":{"line":92,"column":50}},"54":{"start":{"line":94,"column":8},"end":{"line":99,"column":9}},"55":{"start":{"line":95,"column":10},"end":{"line":97,"column":11}},"56":{"start":{"line":96,"column":12},"end":{"line":96,"column":30}},"57":{"start":{"line":98,"column":10},"end":{"line":98,"column":50}},"58":{"start":{"line":100,"column":8},"end":{"line":105,"column":9}},"59":{"start":{"line":101,"column":10},"end":{"line":103,"column":11}},"60":{"start":{"line":102,"column":12},"end":{"line":102,"column":30}},"61":{"start":{"line":104,"column":10},"end":{"line":104,"column":50}},"62":{"start":{"line":106,"column":8},"end":{"line":111,"column":9}},"63":{"start":{"line":107,"column":10},"end":{"line":109,"column":11}},"64":{"start":{"line":108,"column":12},"end":{"line":108,"column":30}},"65":{"start":{"line":110,"column":10},"end":{"line":110,"column":50}},"66":{"start":{"line":113,"column":8},"end":{"line":113,"column":81}},"67":{"start":{"line":115,"column":8},"end":{"line":115,"column":47}},"68":{"start":{"line":118,"column":6},"end":{"line":118,"column":27}},"69":{"start":{"line":123,"column":4},"end":{"line":134,"column":5}},"70":{"start":{"line":124,"column":6},"end":{"line":131,"column":7}},"71":{"start":{"line":125,"column":8},"end":{"line":127,"column":9}},"72":{"start":{"line":126,"column":10},"end":{"line":126,"column":51}},"73":{"start":{"line":128,"column":8},"end":{"line":128,"column":101}},"74":{"start":{"line":130,"column":8},"end":{"line":130,"column":44}},"75":{"start":{"line":133,"column":6},"end":{"line":133,"column":27}},"76":{"start":{"line":138,"column":4},"end":{"line":149,"column":5}},"77":{"start":{"line":139,"column":6},"end":{"line":146,"column":7}},"78":{"start":{"line":140,"column":8},"end":{"line":142,"column":9}},"79":{"start":{"line":141,"column":10},"end":{"line":141,"column":51}},"80":{"start":{"line":143,"column":8},"end":{"line":143,"column":68}},"81":{"start":{"line":145,"column":8},"end":{"line":145,"column":44}},"82":{"start":{"line":148,"column":6},"end":{"line":148,"column":27}},"83":{"start":{"line":168,"column":0},"end":{"line":168,"column":25}}},"fnMap":{"0":{"name":"(anonymous_0)","decl":{"start":{"line":4,"column":2},"end":{"line":4,"column":3}},"loc":{"start":{"line":4,"column":12},"end":{"line":24,"column":3}},"line":4},"1":{"name":"(anonymous_1)","decl":{"start":{"line":26,"column":2},"end":{"line":26,"column":3}},"loc":{"start":{"line":26,"column":12},"end":{"line":39,"column":3}},"line":26},"2":{"name":"(anonymous_2)","decl":{"start":{"line":41,"column":2},"end":{"line":41,"column":3}},"loc":{"start":{"line":41,"column":19},"end":{"line":120,"column":3}},"line":41},"3":{"name":"(anonymous_3)","decl":{"start":{"line":122,"column":2},"end":{"line":122,"column":3}},"loc":{"start":{"line":122,"column":20},"end":{"line":135,"column":3}},"line":122},"4":{"name":"(anonymous_4)","decl":{"start":{"line":137,"column":2},"end":{"line":137,"column":3}},"loc":{"start":{"line":137,"column":13},"end":{"line":165,"column":3}},"line":137}},"branchMap":{"0":{"loc":{"start":{"line":5,"column":4},"end":{"line":23,"column":5}},"type":"if","locations":[{"start":{"line":5,"column":4},"end":{"line":23,"column":5}},{"start":{"line":5,"column":4},"end":{"line":23,"column":5}}],"line":5},"1":{"loc":{"start":{"line":6,"column":6},"end":{"line":10,"column":7}},"type":"if","locations":[{"start":{"line":6,"column":6},"end":{"line":10,"column":7}},{"start":{"line":6,"column":6},"end":{"line":10,"column":7}}],"line":6},"2":{"loc":{"start":{"line":13,"column":8},"end":{"line":15,"column":9}},"type":"if","locations":[{"start":{"line":13,"column":8},"end":{"line":15,"column":9}},{"start":{"line":13,"column":8},"end":{"line":15,"column":9}}],"line":13},"3":{"loc":{"start":{"line":13,"column":12},"end":{"line":13,"column":226}},"type":"binary-expr","locations":[{"start":{"line":13,"column":12},"end":{"line":13,"column":30}},{"start":{"line":13,"column":34},"end":{"line":13,"column":52}},{"start":{"line":13,"column":56},"end":{"line":13,"column":74}},{"start":{"line":13,"column":78},"end":{"line":13,"column":96}},{"start":{"line":13,"column":100},"end":{"line":13,"column":118}},{"start":{"line":13,"column":122},"end":{"line":13,"column":140}},{"start":{"line":13,"column":144},"end":{"line":13,"column":162}},{"start":{"line":13,"column":166},"end":{"line":13,"column":178}},{"start":{"line":13,"column":182},"end":{"line":13,"column":194}},{"start":{"line":13,"column":198},"end":{"line":13,"column":210}},{"start":{"line":13,"column":214},"end":{"line":13,"column":226}}],"line":13},"4":{"loc":{"start":{"line":16,"column":8},"end":{"line":18,"column":9}},"type":"if","locations":[{"start":{"line":16,"column":8},"end":{"line":18,"column":9}},{"start":{"line":16,"column":8},"end":{"line":18,"column":9}}],"line":16},"5":{"loc":{"start":{"line":16,"column":12},"end":{"line":16,"column":113}},"type":"binary-expr","locations":[{"start":{"line":16,"column":12},"end":{"line":16,"column":23}},{"start":{"line":16,"column":27},"end":{"line":16,"column":38}},{"start":{"line":16,"column":42},"end":{"line":16,"column":53}},{"start":{"line":16,"column":57},"end":{"line":16,"column":68}},{"start":{"line":16,"column":72},"end":{"line":16,"column":83}},{"start":{"line":16,"column":87},"end":{"line":16,"column":98}},{"start":{"line":16,"column":102},"end":{"line":16,"column":113}}],"line":16},"6":{"loc":{"start":{"line":28,"column":6},"end":{"line":34,"column":7}},"type":"if","locations":[{"start":{"line":28,"column":6},"end":{"line":34,"column":7}},{"start":{"line":28,"column":6},"end":{"line":34,"column":7}}],"line":28},"7":{"loc":{"start":{"line":29,"column":8},"end":{"line":31,"column":9}},"type":"if","locations":[{"start":{"line":29,"column":8},"end":{"line":31,"column":9}},{"start":{"line":29,"column":8},"end":{"line":31,"column":9}}],"line":29},"8":{"loc":{"start":{"line":43,"column":6},"end":{"line":116,"column":7}},"type":"if","locations":[{"start":{"line":43,"column":6},"end":{"line":116,"column":7}},{"start":{"line":43,"column":6},"end":{"line":116,"column":7}}],"line":43},"9":{"loc":{"start":{"line":43,"column":10},"end":{"line":43,"column":20}},"type":"binary-expr","locations":[{"start":{"line":43,"column":10},"end":{"line":43,"column":12}},{"start":{"line":43,"column":16},"end":{"line":43,"column":20}}],"line":43},"10":{"loc":{"start":{"line":44,"column":8},"end":{"line":46,"column":9}},"type":"if","locations":[{"start":{"line":44,"column":8},"end":{"line":46,"column":9}},{"start":{"line":44,"column":8},"end":{"line":46,"column":9}}],"line":44},"11":{"loc":{"start":{"line":44,"column":12},"end":{"line":44,"column":62}},"type":"binary-expr","locations":[{"start":{"line":44,"column":12},"end":{"line":44,"column":34}},{"start":{"line":44,"column":38},"end":{"line":44,"column":62}}],"line":44},"12":{"loc":{"start":{"line":49,"column":8},"end":{"line":51,"column":9}},"type":"if","locations":[{"start":{"line":49,"column":8},"end":{"line":51,"column":9}},{"start":{"line":49,"column":8},"end":{"line":51,"column":9}}],"line":49},"13":{"loc":{"start":{"line":52,"column":8},"end":{"line":57,"column":9}},"type":"if","locations":[{"start":{"line":52,"column":8},"end":{"line":57,"column":9}},{"start":{"line":52,"column":8},"end":{"line":57,"column":9}}],"line":52},"14":{"loc":{"start":{"line":53,"column":10},"end":{"line":55,"column":11}},"type":"if","locations":[{"start":{"line":53,"column":10},"end":{"line":55,"column":11}},{"start":{"line":53,"column":10},"end":{"line":55,"column":11}}],"line":53},"15":{"loc":{"start":{"line":58,"column":8},"end":{"line":63,"column":9}},"type":"if","locations":[{"start":{"line":58,"column":8},"end":{"line":63,"column":9}},{"start":{"line":58,"column":8},"end":{"line":63,"column":9}}],"line":58},"16":{"loc":{"start":{"line":59,"column":10},"end":{"line":61,"column":11}},"type":"if","locations":[{"start":{"line":59,"column":10},"end":{"line":61,"column":11}},{"start":{"line":59,"column":10},"end":{"line":61,"column":11}}],"line":59},"17":{"loc":{"start":{"line":64,"column":8},"end":{"line":69,"column":9}},"type":"if","locations":[{"start":{"line":64,"column":8},"end":{"line":69,"column":9}},{"start":{"line":64,"column":8},"end":{"line":69,"column":9}}],"line":64},"18":{"loc":{"start":{"line":65,"column":10},"end":{"line":67,"column":11}},"type":"if","locations":[{"start":{"line":65,"column":10},"end":{"line":67,"column":11}},{"start":{"line":65,"column":10},"end":{"line":67,"column":11}}],"line":65},"19":{"loc":{"start":{"line":70,"column":8},"end":{"line":75,"column":9}},"type":"if","locations":[{"start":{"line":70,"column":8},"end":{"line":75,"column":9}},{"start":{"line":70,"column":8},"end":{"line":75,"column":9}}],"line":70},"20":{"loc":{"start":{"line":71,"column":10},"end":{"line":73,"column":11}},"type":"if","locations":[{"start":{"line":71,"column":10},"end":{"line":73,"column":11}},{"start":{"line":71,"column":10},"end":{"line":73,"column":11}}],"line":71},"21":{"loc":{"start":{"line":76,"column":8},"end":{"line":81,"column":9}},"type":"if","locations":[{"start":{"line":76,"column":8},"end":{"line":81,"column":9}},{"start":{"line":76,"column":8},"end":{"line":81,"column":9}}],"line":76},"22":{"loc":{"start":{"line":77,"column":10},"end":{"line":79,"column":11}},"type":"if","locations":[{"start":{"line":77,"column":10},"end":{"line":79,"column":11}},{"start":{"line":77,"column":10},"end":{"line":79,"column":11}}],"line":77},"23":{"loc":{"start":{"line":82,"column":8},"end":{"line":87,"column":9}},"type":"if","locations":[{"start":{"line":82,"column":8},"end":{"line":87,"column":9}},{"start":{"line":82,"column":8},"end":{"line":87,"column":9}}],"line":82},"24":{"loc":{"start":{"line":83,"column":10},"end":{"line":85,"column":11}},"type":"if","locations":[{"start":{"line":83,"column":10},"end":{"line":85,"column":11}},{"start":{"line":83,"column":10},"end":{"line":85,"column":11}}],"line":83},"25":{"loc":{"start":{"line":88,"column":8},"end":{"line":93,"column":9}},"type":"if","locations":[{"start":{"line":88,"column":8},"end":{"line":93,"column":9}},{"start":{"line":88,"column":8},"end":{"line":93,"column":9}}],"line":88},"26":{"loc":{"start":{"line":89,"column":10},"end":{"line":91,"column":11}},"type":"if","locations":[{"start":{"line":89,"column":10},"end":{"line":91,"column":11}},{"start":{"line":89,"column":10},"end":{"line":91,"column":11}}],"line":89},"27":{"loc":{"start":{"line":94,"column":8},"end":{"line":99,"column":9}},"type":"if","locations":[{"start":{"line":94,"column":8},"end":{"line":99,"column":9}},{"start":{"line":94,"column":8},"end":{"line":99,"column":9}}],"line":94},"28":{"loc":{"start":{"line":95,"column":10},"end":{"line":97,"column":11}},"type":"if","locations":[{"start":{"line":95,"column":10},"end":{"line":97,"column":11}},{"start":{"line":95,"column":10},"end":{"line":97,"column":11}}],"line":95},"29":{"loc":{"start":{"line":100,"column":8},"end":{"line":105,"column":9}},"type":"if","locations":[{"start":{"line":100,"column":8},"end":{"line":105,"column":9}},{"start":{"line":100,"column":8},"end":{"line":105,"column":9}}],"line":100},"30":{"loc":{"start":{"line":101,"column":10},"end":{"line":103,"column":11}},"type":"if","locations":[{"start":{"line":101,"column":10},"end":{"line":103,"column":11}},{"start":{"line":101,"column":10},"end":{"line":103,"column":11}}],"line":101},"31":{"loc":{"start":{"line":106,"column":8},"end":{"line":111,"column":9}},"type":"if","locations":[{"start":{"line":106,"column":8},"end":{"line":111,"column":9}},{"start":{"line":106,"column":8},"end":{"line":111,"column":9}}],"line":106},"32":{"loc":{"start":{"line":107,"column":10},"end":{"line":109,"column":11}},"type":"if","locations":[{"start":{"line":107,"column":10},"end":{"line":109,"column":11}},{"start":{"line":107,"column":10},"end":{"line":109,"column":11}}],"line":107},"33":{"loc":{"start":{"line":124,"column":6},"end":{"line":131,"column":7}},"type":"if","locations":[{"start":{"line":124,"column":6},"end":{"line":131,"column":7}},{"start":{"line":124,"column":6},"end":{"line":131,"column":7}}],"line":124},"34":{"loc":{"start":{"line":125,"column":8},"end":{"line":127,"column":9}},"type":"if","locations":[{"start":{"line":125,"column":8},"end":{"line":127,"column":9}},{"start":{"line":125,"column":8},"end":{"line":127,"column":9}}],"line":125},"35":{"loc":{"start":{"line":139,"column":6},"end":{"line":146,"column":7}},"type":"if","locations":[{"start":{"line":139,"column":6},"end":{"line":146,"column":7}},{"start":{"line":139,"column":6},"end":{"line":146,"column":7}}],"line":139},"36":{"loc":{"start":{"line":140,"column":8},"end":{"line":142,"column":9}},"type":"if","locations":[{"start":{"line":140,"column":8},"end":{"line":142,"column":9}},{"start":{"line":140,"column":8},"end":{"line":142,"column":9}}],"line":140}},"s":{"0":1,"1":7,"2":2,"3":1,"4":1,"5":5,"6":5,"7":3,"8":2,"9":1,"10":1,"11":4,"12":3,"13":3,"14":2,"15":1,"16":1,"17":1,"18":2,"19":7,"20":7,"21":5,"22":2,"23":3,"24":3,"25":2,"26":3,"27":2,"28":2,"29":2,"30":3,"31":2,"32":2,"33":2,"34":3,"35":2,"36":2,"37":2,"38":3,"39":2,"40":1,"41":2,"42":3,"43":2,"44":2,"45":2,"46":3,"47":2,"48":2,"49":2,"50":3,"51":1,"52":1,"53":1,"54":3,"55":2,"56":2,"57":2,"58":3,"59":2,"60":2,"61":2,"62":3,"63":2,"64":2,"65":2,"66":3,"67":2,"68":4,"69":3,"70":3,"71":2,"72":1,"73":1,"74":1,"75":2,"76":3,"77":3,"78":2,"79":1,"80":1,"81":1,"82":2,"83":1},"f":{"0":7,"1":3,"2":7,"3":3,"4":3},"b":{"0":[2,5],"1":[1,1],"2":[3,2],"3":[5,4,4,4,3,3,3,3,3,2,2],"4":[1,1],"5":[2,1,1,1,1,1,1],"6":[2,1],"7":[1,1],"8":[5,2],"9":[7,6],"10":[2,3],"11":[5,4],"12":[2,1],"13":[2,1],"14":[2,0],"15":[2,1],"16":[2,0],"17":[2,1],"18":[2,0],"19":[2,1],"20":[1,1],"21":[2,1],"22":[2,0],"23":[2,1],"24":[2,0],"25":[1,2],"26":[1,0],"27":[2,1],"28":[2,0],"29":[2,1],"30":[2,0],"31":[2,1],"32":[2,0],"33":[2,1],"34":[1,1],"35":[2,1],"36":[1,1]},"_coverageSchema":"1a1c01bbd47fc00a2c39e90264f33305004495a9","hash":"3eda87b85628773c789513e9e5e9b9d360e8322b"}
}
