TN:
SF:database/methods/details.js
FN:4,(anonymous_0)
FN:26,(anonymous_1)
FN:41,(anonymous_2)
FN:122,(anonymous_3)
FN:137,(anonymous_4)
FNF:5
FNH:5
FNDA:7,(anonymous_0)
FNDA:3,(anonymous_1)
FNDA:7,(anonymous_2)
FNDA:3,(anonymous_3)
FNDA:3,(anonymous_4)
DA:1,1
DA:5,7
DA:6,2
DA:7,1
DA:9,1
DA:12,5
DA:13,5
DA:14,3
DA:16,2
DA:17,1
DA:19,1
DA:21,4
DA:27,3
DA:28,3
DA:29,2
DA:30,1
DA:33,1
DA:35,1
DA:37,2
DA:42,7
DA:43,7
DA:44,5
DA:45,2
DA:47,3
DA:49,3
DA:50,2
DA:52,3
DA:53,2
DA:54,2
DA:56,2
DA:58,3
DA:59,2
DA:60,2
DA:62,2
DA:64,3
DA:65,2
DA:66,2
DA:68,2
DA:70,3
DA:71,2
DA:72,1
DA:74,2
DA:76,3
DA:77,2
DA:78,2
DA:80,2
DA:82,3
DA:83,2
DA:84,2
DA:86,2
DA:88,3
DA:89,1
DA:90,1
DA:92,1
DA:94,3
DA:95,2
DA:96,2
DA:98,2
DA:100,3
DA:101,2
DA:102,2
DA:104,2
DA:106,3
DA:107,2
DA:108,2
DA:110,2
DA:113,3
DA:115,2
DA:118,4
DA:123,3
DA:124,3
DA:125,2
DA:126,1
DA:128,1
DA:130,1
DA:133,2
DA:138,3
DA:139,3
DA:140,2
DA:141,1
DA:143,1
DA:145,1
DA:148,2
DA:168,1
LF:84
LH:84
BRDA:5,0,0,2
BRDA:5,0,1,5
BRDA:6,1,0,1
BRDA:6,1,1,1
BRDA:13,2,0,3
BRDA:13,2,1,2
BRDA:13,3,0,5
BRDA:13,3,1,4
BRDA:13,3,2,4
BRDA:13,3,3,4
BRDA:13,3,4,3
BRDA:13,3,5,3
BRDA:13,3,6,3
BRDA:13,3,7,3
BRDA:13,3,8,3
BRDA:13,3,9,2
BRDA:13,3,10,2
BRDA:16,4,0,1
BRDA:16,4,1,1
BRDA:16,5,0,2
BRDA:16,5,1,1
BRDA:16,5,2,1
BRDA:16,5,3,1
BRDA:16,5,4,1
BRDA:16,5,5,1
BRDA:16,5,6,1
BRDA:28,6,0,2
BRDA:28,6,1,1
BRDA:29,7,0,1
BRDA:29,7,1,1
BRDA:43,8,0,5
BRDA:43,8,1,2
BRDA:43,9,0,7
BRDA:43,9,1,6
BRDA:44,10,0,2
BRDA:44,10,1,3
BRDA:44,11,0,5
BRDA:44,11,1,4
BRDA:49,12,0,2
BRDA:49,12,1,1
BRDA:52,13,0,2
BRDA:52,13,1,1
BRDA:53,14,0,2
BRDA:53,14,1,0
BRDA:58,15,0,2
BRDA:58,15,1,1
BRDA:59,16,0,2
BRDA:59,16,1,0
BRDA:64,17,0,2
BRDA:64,17,1,1
BRDA:65,18,0,2
BRDA:65,18,1,0
BRDA:70,19,0,2
BRDA:70,19,1,1
BRDA:71,20,0,1
BRDA:71,20,1,1
BRDA:76,21,0,2
BRDA:76,21,1,1
BRDA:77,22,0,2
BRDA:77,22,1,0
BRDA:82,23,0,2
BRDA:82,23,1,1
BRDA:83,24,0,2
BRDA:83,24,1,0
BRDA:88,25,0,1
BRDA:88,25,1,2
BRDA:89,26,0,1
BRDA:89,26,1,0
BRDA:94,27,0,2
BRDA:94,27,1,1
BRDA:95,28,0,2
BRDA:95,28,1,0
BRDA:100,29,0,2
BRDA:100,29,1,1
BRDA:101,30,0,2
BRDA:101,30,1,0
BRDA:106,31,0,2
BRDA:106,31,1,1
BRDA:107,32,0,2
BRDA:107,32,1,0
BRDA:124,33,0,2
BRDA:124,33,1,1
BRDA:125,34,0,1
BRDA:125,34,1,1
BRDA:139,35,0,2
BRDA:139,35,1,1
BRDA:140,36,0,1
BRDA:140,36,1,1
BRF:88
BRH:79
end_of_record
